yarn run v1.22.17
$ vuepress dev docs
wait Extracting site metadata...
tip Apply theme @vuepress/theme-default ...
tip Apply plugin container (i.e. "vuepress-plugin-container") ...
tip Apply plugin @vuepress/register-components (i.e. "@vuepress/plugin-register-components") ...
tip Apply plugin @vuepress/active-header-links (i.e. "@vuepress/plugin-active-header-links") ...
tip Apply plugin @vuepress/search (i.e. "@vuepress/plugin-search") ...
tip Apply plugin @vuepress/nprogress (i.e. "@vuepress/plugin-nprogress") ...
ℹ Compiling Client
[34mℹ[39m [90m｢wds｣[39m: Project is running at http://0.0.0.0:7777/
[34mℹ[39m [90m｢wds｣[39m: webpack output is served from /
[34mℹ[39m [90m｢wds｣[39m: Content not from webpack is served from /home/vuepress-blogs/docs/.vuepress/public
[34mℹ[39m [90m｢wds｣[39m: 404s will fallback to /index.html
✔ Client: Compiled successfully in 4.60s
csuccess [15:20:24] Build 524cf4 finished in 4604 ms! 
> VuePress dev server listening at http://localhost:7777/
cℹ Compiling Client
✔ Client: Compiled successfully in 4.54s
csuccess [15:23:16] Build 68e010 finished in 4545 ms! ( http://localhost:7777/ )
cℹ Compiling Client
✔ Client: Compiled successfully in 3.06s
csuccess [15:23:59] Build d1297c finished in 3057 ms! ( http://localhost:7777/ )
error Command failed with signal "SIGTERM".
info Visit https://yarnpkg.com/en/docs/cli/run for documentation about this command.

> vuepress@1.0.0 docs:dev
> vuepress dev docs

wait Extracting site metadata...
tip Apply theme @vuepress/theme-default ...
tip Apply plugin container (i.e. "vuepress-plugin-container") ...
tip Apply plugin @vuepress/register-components (i.e. "@vuepress/plugin-register-components") ...
tip Apply plugin @vuepress/active-header-links (i.e. "@vuepress/plugin-active-header-links") ...
tip Apply plugin @vuepress/search (i.e. "@vuepress/plugin-search") ...
tip Apply plugin @vuepress/nprogress (i.e. "@vuepress/plugin-nprogress") ...
ℹ Compiling Client
[34mℹ[39m [90m｢wds｣[39m: Project is running at http://0.0.0.0:7777/
[34mℹ[39m [90m｢wds｣[39m: webpack output is served from /
[34mℹ[39m [90m｢wds｣[39m: Content not from webpack is served from /home/vuepress-blogs/docs/.vuepress/public
[34mℹ[39m [90m｢wds｣[39m: 404s will fallback to /index.html
✔ Client: Compiled successfully in 5.21s
csuccess [18:54:01] Build 524cf4 finished in 5210 ms! 
> VuePress dev server listening at http://localhost:7777/
cℹ Compiling Client
✔ Client: Compiled successfully in 204.52ms
csuccess [18:54:02] Build 68e010 finished in 205 ms! ( http://localhost:7777/ )
